Performing C SOURCE FILE Test CMAKE_HAVE_LIBC_PTHREAD failed with the following output:
Change Dir: /home/clown911026/cs/homework/機器人專題/第二次作業/adaboost/build/CMakeFiles/CMakeTmp

Run Build Command(s):/usr/bin/make cmTC_72dca/fast && /usr/bin/make -f CMakeFiles/cmTC_72dca.dir/build.make CMakeFiles/cmTC_72dca.dir/build
make[1]: 進入目錄「/home/clown911026/cs/homework/機器人專題/第二次作業/adaboost/build/CMakeFiles/CMakeTmp」
Building C object CMakeFiles/cmTC_72dca.dir/src.c.o
/usr/bin/cc   -DCMAKE_HAVE_LIBC_PTHREAD   -o CMakeFiles/cmTC_72dca.dir/src.c.o   -c /home/clown911026/cs/homework/機器人專題/第二次作業/adaboost/build/CMakeFiles/CMakeTmp/src.c
Linking C executable cmTC_72dca
/usr/bin/cmake -E cmake_link_script CMakeFiles/cmTC_72dca.dir/link.txt --verbose=1
/usr/bin/cc  -DCMAKE_HAVE_LIBC_PTHREAD    -rdynamic CMakeFiles/cmTC_72dca.dir/src.c.o  -o cmTC_72dca 
/usr/bin/ld: CMakeFiles/cmTC_72dca.dir/src.c.o: in function `main':
src.c:(.text+0x46): undefined reference to `pthread_create'
/usr/bin/ld: src.c:(.text+0x52): undefined reference to `pthread_detach'
/usr/bin/ld: src.c:(.text+0x63): undefined reference to `pthread_join'
collect2: error: ld returned 1 exit status
make[1]: *** [CMakeFiles/cmTC_72dca.dir/build.make:87：cmTC_72dca] 錯誤 1
make[1]: 離開目錄「/home/clown911026/cs/homework/機器人專題/第二次作業/adaboost/build/CMakeFiles/CMakeTmp」
make: *** [Makefile:121：cmTC_72dca/fast] 錯誤 2


Source file was:
#include <pthread.h>

void* test_func(void* data)
{
  return data;
}

int main(void)
{
  pthread_t thread;
  pthread_create(&thread, NULL, test_func, NULL);
  pthread_detach(thread);
  pthread_join(thread, NULL);
  pthread_atfork(NULL, NULL, NULL);
  pthread_exit(NULL);

  return 0;
}

Determining if the function pthread_create exists in the pthreads failed with the following output:
Change Dir: /home/clown911026/cs/homework/機器人專題/第二次作業/adaboost/build/CMakeFiles/CMakeTmp

Run Build Command(s):/usr/bin/make cmTC_72723/fast && /usr/bin/make -f CMakeFiles/cmTC_72723.dir/build.make CMakeFiles/cmTC_72723.dir/build
make[1]: 進入目錄「/home/clown911026/cs/homework/機器人專題/第二次作業/adaboost/build/CMakeFiles/CMakeTmp」
Building C object CMakeFiles/cmTC_72723.dir/CheckFunctionExists.c.o
/usr/bin/cc   -DCHECK_FUNCTION_EXISTS=pthread_create   -o CMakeFiles/cmTC_72723.dir/CheckFunctionExists.c.o   -c /usr/share/cmake-3.16/Modules/CheckFunctionExists.c
Linking C executable cmTC_72723
/usr/bin/cmake -E cmake_link_script CMakeFiles/cmTC_72723.dir/link.txt --verbose=1
/usr/bin/cc  -DCHECK_FUNCTION_EXISTS=pthread_create    -rdynamic CMakeFiles/cmTC_72723.dir/CheckFunctionExists.c.o  -o cmTC_72723  -lpthreads 
/usr/bin/ld: 找不到 -lpthreads
collect2: error: ld returned 1 exit status
make[1]: *** [CMakeFiles/cmTC_72723.dir/build.make:87：cmTC_72723] 錯誤 1
make[1]: 離開目錄「/home/clown911026/cs/homework/機器人專題/第二次作業/adaboost/build/CMakeFiles/CMakeTmp」
make: *** [Makefile:121：cmTC_72723/fast] 錯誤 2



